-------------------------------------------------------------------------------
Test set: com.tech.RuleEngineTest
-------------------------------------------------------------------------------
Tests run: 6, Failures: 0, Errors: 6, Skipped: 0, Time elapsed: 1.262 s <<< FAILURE! - in com.tech.RuleEngineTest
verifyGetAllRules(com.tech.RuleEngineTest)  Time elapsed: 0.047 s  <<< ERROR!
java.lang.NoSuchMethodError: com.tech.knowledgeBase.models.Rule.builder()Lcom/tech/knowledgeBase/models/Rule$RuleBuilder;
	at com.tech.RuleEngineTest.getListOfRules(RuleEngineTest.java:127)
	at com.tech.RuleEngineTest.setUp(RuleEngineTest.java:51)

verifyGetAllRules(com.tech.RuleEngineTest)  Time elapsed: 0.047 s  <<< ERROR!
org.mockito.exceptions.misusing.UnfinishedStubbingException: 

Unfinished stubbing detected here:
-> at com.tech.RuleEngineTest.setUp(RuleEngineTest.java:51)

E.g. thenReturn() may be missing.
Examples of correct stubbing:
    when(mock.isOk()).thenReturn(true);
    when(mock.isOk()).thenThrow(exception);
    doThrow(exception).when(mock).someVoidMethod();
Hints:
 1. missing thenReturn()
 2. you are trying to stub a final method, which is not supported
 3: you are stubbing the behaviour of another mock inside before 'thenReturn' instruction if completed


verifyPostCarLoanRuleOne(com.tech.RuleEngineTest)  Time elapsed: 0.011 s  <<< ERROR!
java.lang.NoSuchMethodError: com.tech.knowledgeBase.models.Rule.builder()Lcom/tech/knowledgeBase/models/Rule$RuleBuilder;
	at com.tech.RuleEngineTest.getListOfRules(RuleEngineTest.java:127)
	at com.tech.RuleEngineTest.setUp(RuleEngineTest.java:51)

verifyPostCarLoanRuleOne(com.tech.RuleEngineTest)  Time elapsed: 0.012 s  <<< ERROR!
org.mockito.exceptions.misusing.UnfinishedStubbingException: 

Unfinished stubbing detected here:
-> at com.tech.RuleEngineTest.setUp(RuleEngineTest.java:51)

E.g. thenReturn() may be missing.
Examples of correct stubbing:
    when(mock.isOk()).thenReturn(true);
    when(mock.isOk()).thenThrow(exception);
    doThrow(exception).when(mock).someVoidMethod();
Hints:
 1. missing thenReturn()
 2. you are trying to stub a final method, which is not supported
 3: you are stubbing the behaviour of another mock inside before 'thenReturn' instruction if completed


verifyPostCarLoanRuleTwo(com.tech.RuleEngineTest)  Time elapsed: 0.009 s  <<< ERROR!
java.lang.NoSuchMethodError: com.tech.knowledgeBase.models.Rule.builder()Lcom/tech/knowledgeBase/models/Rule$RuleBuilder;
	at com.tech.RuleEngineTest.getListOfRules(RuleEngineTest.java:127)
	at com.tech.RuleEngineTest.setUp(RuleEngineTest.java:51)

verifyPostCarLoanRuleTwo(com.tech.RuleEngineTest)  Time elapsed: 0.009 s  <<< ERROR!
org.mockito.exceptions.misusing.UnfinishedStubbingException: 

Unfinished stubbing detected here:
-> at com.tech.RuleEngineTest.setUp(RuleEngineTest.java:51)

E.g. thenReturn() may be missing.
Examples of correct stubbing:
    when(mock.isOk()).thenReturn(true);
    when(mock.isOk()).thenThrow(exception);
    doThrow(exception).when(mock).someVoidMethod();
Hints:
 1. missing thenReturn()
 2. you are trying to stub a final method, which is not supported
 3: you are stubbing the behaviour of another mock inside before 'thenReturn' instruction if completed


